<?xml version="1.0" encoding="UTF-8"?>
<!-- Generated by org.testng.reporters.JUnitReportReporter -->
<testsuite hostname="LTIN520199" failures="0" tests="1" name="testCases.TC_002_ListOfSurgeries" time="5.223" errors="0" timestamp="2024-04-12T14:15:02 IST" skipped="0">
  <testcase classname="testCases.TC_002_ListOfSurgeries" name="findSurgeries" time="5.223"/>
</testsuite> <!-- testCases.TC_002_ListOfSurgeries -->
