<?xml version="1.0" encoding="UTF-8"?>
<!-- Generated by org.testng.reporters.JUnitReportReporter -->
<testsuite hostname="LTIN520199" failures="0" tests="3" name="testCases.TC_003_HealthAndWellness" time="26.403" errors="0" timestamp="2024-04-12T14:15:02 IST" skipped="0">
  <testcase classname="testCases.TC_003_HealthAndWellness" name="validateForCorporate" time="14.701"/>
  <testcase classname="testCases.TC_003_HealthAndWellness" name="invalidEmailId" time="5.035"/>
  <testcase classname="testCases.TC_003_HealthAndWellness" name="validateThankYou" time="6.667"/>
</testsuite> <!-- testCases.TC_003_HealthAndWellness -->
