<?xml version="1.0" encoding="UTF-8"?>
<!-- Generated by org.testng.reporters.JUnitReportReporter -->
<testsuite hostname="LTIN520199" failures="0" tests="4" name="testCases.TC_001_SearchDoctorWithCityandSpecialistTest" time="90.119" errors="0" timestamp="2024-04-09T17:25:35 IST" skipped="0">
  <testcase classname="testCases.TC_001_SearchDoctorWithCityandSpecialistTest" name="searchDoctors" time="39.370"/>
  <testcase classname="testCases.TC_001_SearchDoctorWithCityandSpecialistTest" name="seachDoctorsWithFilters" time="45.632"/>
  <testcase classname="testCases.TC_001_SearchDoctorWithCityandSpecialistTest" name="printDoctors" time="0.261"/>
  <testcase classname="testCases.TC_001_SearchDoctorWithCityandSpecialistTest" name="printDetails" time="4.856"/>
</testsuite> <!-- testCases.TC_001_SearchDoctorWithCityandSpecialistTest -->
