<?xml version="1.0" encoding="UTF-8"?>
<!-- Generated by org.testng.reporters.JUnitReportReporter -->
<testsuite hostname="LTIN520199" failures="0" tests="4" name="testCases.TC_001_SearchDoctorsTest" time="56.788" errors="0" timestamp="2024-04-12T14:15:02 IST" skipped="0">
  <testcase classname="testCases.TC_001_SearchDoctorsTest" name="searchDoctors" time="9.813"/>
  <testcase classname="testCases.TC_001_SearchDoctorsTest" name="seachDoctorsWithFilters" time="43.077"/>
  <testcase classname="testCases.TC_001_SearchDoctorsTest" name="printDoctors" time="0.198"/>
  <testcase classname="testCases.TC_001_SearchDoctorsTest" name="printDetails" time="3.700"/>
</testsuite> <!-- testCases.TC_001_SearchDoctorsTest -->
